<?xml version="1.0" encoding="UTF-8"?>
<!-- Generated by org.testng.reporters.JUnitXMLReporter -->
<testsuite ignored="2" hostname="DESKTOP-DKVFQQ5" failures="0" tests="1" name="Default test" time="8.505" errors="0" timestamp="2023-04-11T23:54:35 IST">
  <testcase classname="com.selenium.testng.tests.LoginTest" name="testLoginApllication" time="8.188"/>
  <testcase classname="com.selenium.testng.tests.LoginTest" name="testLogOutApplication" time="0.0">
    <ignored/>
  </testcase> <!-- testLogOutApplication -->
  <testcase classname="com.selenium.testng.tests.LoginTest" name="testInvalidLoginApplication" time="0.0">
    <ignored/>
  </testcase> <!-- testInvalidLoginApplication -->
</testsuite> <!-- Default test -->
