<?xml version="1.0" encoding="UTF-8"?>
<!-- Generated by org.testng.reporters.JUnitXMLReporter -->
<testsuite ignored="0" hostname="DESKTOP-DKVFQQ5" failures="0" tests="3" name="Sanity Test" time="0.155" errors="0" timestamp="2023-04-04T16:43:23 IST">
  <testcase classname="com.selenium.testng.tests.CartTest" name="testEmptyCart" time="0.022"/>
  <testcase classname="com.selenium.testng.tests.CartTest" name="testMultipleItems" time="0.003"/>
  <testcase classname="com.selenium.testng.tests.CartTest" name="testSingleItems" time="0.007"/>
</testsuite> <!-- Sanity Test -->
